<?xml version="1.0" encoding="UTF-8"?>
<!-- Generated by org.testng.reporters.JUnitReportReporter -->
<testsuite hostname="DESKTOP-AADVSS3" failures="0" tests="1" name="chataQA.SeleniumUIAutomation.AddProductToCart" time="63.550" errors="0" timestamp="2024-12-18T22:12:42 AST" skipped="0">
  <testcase classname="chataQA.SeleniumUIAutomation.AddProductToCart" name="Amazon_AddProducToCart" time="63.550"/>
  <system-out/>
</testsuite> <!-- chataQA.SeleniumUIAutomation.AddProductToCart -->
